This file contains any messages produced by compilers while
running configure, to aid debugging if configure makes a mistake.

It was created by ID3 Tag configure 0.15.1b, which was
generated by GNU Autoconf 2.68.  Invocation command line was

  $ ./configure --host=arm-linux --build= --enable-shared --enable-static --prefix= --disable-debugging --disable-profiling --disable-dependency-tracking

## --------- ##
## Platform. ##
## --------- ##

hostname = zheng-MacBookAir
uname -m = x86_64
uname -r = 4.4.0-75-generic
uname -s = Linux
uname -v = #96~14.04.1-Ubuntu SMP Thu Apr 20 11:06:30 UTC 2017

/usr/bin/uname -p = unknown
/bin/uname -X     = unknown

/bin/arch              = unknown
/usr/bin/arch -k       = unknown
/usr/convex/getsysinfo = unknown
/usr/bin/hostinfo      = unknown
/bin/machine           = unknown
/usr/bin/oslevel       = unknown
/bin/universe          = unknown

PATH: /home/zheng/asuswrt/release/src-rt-9.x/tools
PATH: /home/zheng/asuswrt/release/src-rt-9.x/src/ctools
PATH: /home/zheng/asuswrt/release/src-rt-9.x/tools
PATH: /home/zheng/asuswrt/release/src-rt-9.x/src/ctools
PATH: /home/zheng/asuswrt/release/src-rt-9.x/tools
PATH: /home/zheng/asuswrt/release/src-rt-9.x/src/ctools
PATH: /usr/local/sbin
PATH: /usr/local/bin
PATH: /usr/sbin
PATH: /usr/bin
PATH: /sbin
PATH: /bin
PATH: /usr/games
PATH: /usr/local/games
PATH: /opt/brcm/hndtools-mipsel-linux/bin
PATH: /opt/brcm/hndtools-mipsel-uclibc/bin
PATH: /opt/brcm-arm/bin


## ----------- ##
## Core tests. ##
## ----------- ##

configure:2650: checking for a BSD-compatible install
configure:2718: result: /usr/bin/install -c
configure:2729: checking whether build environment is sane
configure:2766: result: yes
configure:2820: checking for gawk
configure:2836: found /usr/bin/gawk
configure:2847: result: gawk
configure:2858: checking whether make sets $(MAKE)
configure:2880: result: yes
configure:2957: checking for arm-linux-strip
configure:2984: result: arm-brcm-linux-uclibcgnueabi-strip
configure:3063: checking build system type
configure:3077: result: x86_64-unknown-linux-gnu
configure:3097: checking host system type
configure:3110: result: arm-unknown-linux-gnu
configure:3140: checking for arm-linux-gcc
configure:3167: result: arm-brcm-linux-uclibcgnueabi-gcc
configure:3436: checking for C compiler version
configure:3445: arm-brcm-linux-uclibcgnueabi-gcc --version >&5
arm-brcm-linux-uclibcgnueabi-gcc (Buildroot 2012.02) 4.5.3
Copyright (C) 2010 Free Software Foundation, Inc.
This is free software; see the source for copying conditions.  There is NO
warranty; not even for MERCHANTABILITY or FITNESS FOR A PARTICULAR PURPOSE.

configure:3456: $? = 0
configure:3445: arm-brcm-linux-uclibcgnueabi-gcc -v >&5
Using built-in specs.
COLLECT_GCC=arm-brcm-linux-uclibcgnueabi-gcc
COLLECT_LTO_WRAPPER=/home/zheng/asuswrt-merlin/release/src-rt-6.x.4708/toolchains/hndtools-arm-linux-2.6.36-uclibc-4.5.3/bin/../libexec/gcc/arm-brcm-linux-uclibcgnueabi/4.5.3/lto-wrapper
Target: arm-brcm-linux-uclibcgnueabi
Configured with: /projects/toolchains_build/buildroot-2012.02-brcm/output/toolchain/gcc-4.5.3/configure --prefix=/projects/hnd/tools/linux/hndtools-arm-linux-2.6.36-uclibc-4.5.3 --build=i686-pc-linux-gnu --host=i686-pc-linux-gnu --target=arm-brcm-linux-uclibcgnueabi --enable-languages=c,c++ --with-sysroot=/projects/hnd/tools/linux/hndtools-arm-linux-2.6.36-uclibc-4.5.3/arm-brcm-linux-uclibcgnueabi/sysroot --with-build-time-tools=/projects/hnd/tools/linux/hndtools-arm-linux-2.6.36-uclibc-4.5.3/arm-brcm-linux-uclibcgnueabi/bin --disable-__cxa_atexit --enable-target-optspace --disable-libgomp --with-gnu-ld --disable-libssp --disable-multilib --disable-tls --enable-shared --with-gmp=/projects/hnd/tools/linux/hndtools-arm-linux-2.6.36-uclibc-4.5.3 --with-mpfr=/projects/hnd/tools/linux/hndtools-arm-linux-2.6.36-uclibc-4.5.3 --with-mpc=/projects/hnd/tools/linux/hndtools-arm-linux-2.6.36-uclibc-4.5.3 --enable-threads --disable-decimal-float --with-float=soft --with-abi=aapcs-linux --with-arch=armv7-a --with-tune=cortex-a9 --with-pkgversion='Buildroot 2012.02' --with-bugurl=http://bugs.buildroot.net/
Thread model: posix
gcc version 4.5.3 (Buildroot 2012.02) 
configure:3456: $? = 0
configure:3445: arm-brcm-linux-uclibcgnueabi-gcc -V >&5
arm-brcm-linux-uclibcgnueabi-gcc: '-V' option must have argument
configure:3456: $? = 1
configure:3445: arm-brcm-linux-uclibcgnueabi-gcc -qversion >&5
arm-brcm-linux-uclibcgnueabi-gcc: unrecognized option '-qversion'
arm-brcm-linux-uclibcgnueabi-gcc: no input files
configure:3456: $? = 1
configure:3476: checking whether the C compiler works
configure:3498: arm-brcm-linux-uclibcgnueabi-gcc -Os -Wall -DLINUX26 -DCONFIG_BCMWL5 -DDEBUG_NOISY -DDEBUG_RCTEST -pipe -DBCMWPA2 -DBCMARM -fno-strict-aliasing -marm -DRTCONFIG_NVRAM_64K -DLINUX_KERNEL_VERSION=132644  -ffunction-sections -fdata-sections -I/home/zheng/asuswrt/release/src-rt-9.x/src/router/zlib -L/home/zheng/asuswrt/release/src-rt-9.x/src/router/zlib -fPIC -ffunction-sections -fdata-sections -Wl,--gc-sections conftest.c  >&5
configure:3502: $? = 0
configure:3550: result: yes
configure:3553: checking for C compiler default output file name
configure:3555: result: a.out
configure:3561: checking for suffix of executables
configure:3568: arm-brcm-linux-uclibcgnueabi-gcc -o conftest -Os -Wall -DLINUX26 -DCONFIG_BCMWL5 -DDEBUG_NOISY -DDEBUG_RCTEST -pipe -DBCMWPA2 -DBCMARM -fno-strict-aliasing -marm -DRTCONFIG_NVRAM_64K -DLINUX_KERNEL_VERSION=132644  -ffunction-sections -fdata-sections -I/home/zheng/asuswrt/release/src-rt-9.x/src/router/zlib -L/home/zheng/asuswrt/release/src-rt-9.x/src/router/zlib -fPIC -ffunction-sections -fdata-sections -Wl,--gc-sections conftest.c  >&5
configure:3572: $? = 0
configure:3594: result: 
configure:3616: checking whether we are cross compiling
configure:3624: arm-brcm-linux-uclibcgnueabi-gcc -o conftest -Os -Wall -DLINUX26 -DCONFIG_BCMWL5 -DDEBUG_NOISY -DDEBUG_RCTEST -pipe -DBCMWPA2 -DBCMARM -fno-strict-aliasing -marm -DRTCONFIG_NVRAM_64K -DLINUX_KERNEL_VERSION=132644  -ffunction-sections -fdata-sections -I/home/zheng/asuswrt/release/src-rt-9.x/src/router/zlib -L/home/zheng/asuswrt/release/src-rt-9.x/src/router/zlib -fPIC -ffunction-sections -fdata-sections -Wl,--gc-sections conftest.c  >&5
configure:3628: $? = 0
configure:3635: ./conftest
./configure: line 3637: ./conftest: cannot execute binary file: Exec format error
configure:3639: $? = 126
configure:3654: result: yes
configure:3659: checking for suffix of object files
configure:3681: arm-brcm-linux-uclibcgnueabi-gcc -c -Os -Wall -DLINUX26 -DCONFIG_BCMWL5 -DDEBUG_NOISY -DDEBUG_RCTEST -pipe -DBCMWPA2 -DBCMARM -fno-strict-aliasing -marm -DRTCONFIG_NVRAM_64K -DLINUX_KERNEL_VERSION=132644  -ffunction-sections -fdata-sections -I/home/zheng/asuswrt/release/src-rt-9.x/src/router/zlib conftest.c >&5
configure:3685: $? = 0
configure:3706: result: o
configure:3710: checking whether we are using the GNU C compiler
configure:3729: arm-brcm-linux-uclibcgnueabi-gcc -c -Os -Wall -DLINUX26 -DCONFIG_BCMWL5 -DDEBUG_NOISY -DDEBUG_RCTEST -pipe -DBCMWPA2 -DBCMARM -fno-strict-aliasing -marm -DRTCONFIG_NVRAM_64K -DLINUX_KERNEL_VERSION=132644  -ffunction-sections -fdata-sections -I/home/zheng/asuswrt/release/src-rt-9.x/src/router/zlib conftest.c >&5
configure:3729: $? = 0
configure:3738: result: yes
configure:3747: checking whether arm-brcm-linux-uclibcgnueabi-gcc accepts -g
configure:3767: arm-brcm-linux-uclibcgnueabi-gcc -c -g -I/home/zheng/asuswrt/release/src-rt-9.x/src/router/zlib conftest.c >&5
configure:3767: $? = 0
configure:3808: result: yes
configure:3825: checking for arm-brcm-linux-uclibcgnueabi-gcc option to accept ISO C89
configure:3889: arm-brcm-linux-uclibcgnueabi-gcc  -c -Os -Wall -DLINUX26 -DCONFIG_BCMWL5 -DDEBUG_NOISY -DDEBUG_RCTEST -pipe -DBCMWPA2 -DBCMARM -fno-strict-aliasing -marm -DRTCONFIG_NVRAM_64K -DLINUX_KERNEL_VERSION=132644  -ffunction-sections -fdata-sections -I/home/zheng/asuswrt/release/src-rt-9.x/src/router/zlib conftest.c >&5
configure:3889: $? = 0
configure:3902: result: none needed
configure:3933: checking for style of include used by make
configure:3961: result: GNU
configure:3989: checking dependency style of arm-brcm-linux-uclibcgnueabi-gcc
configure:4072: result: none
configure:4177: checking for a sed that does not truncate output
configure:4231: result: /bin/sed
configure:4234: checking for grep that handles long lines and -e
configure:4292: result: /bin/grep
configure:4297: checking for egrep
configure:4359: result: /bin/grep -E
configure:4375: checking for ld used by arm-brcm-linux-uclibcgnueabi-gcc
configure:4442: result: arm-brcm-linux-uclibcgnueabi-ld
configure:4449: checking if the linker (arm-brcm-linux-uclibcgnueabi-ld) is GNU ld
configure:4464: result: yes
configure:4469: checking for arm-brcm-linux-uclibcgnueabi-ld option to reload object files
configure:4476: result: -r
configure:4485: checking for BSD-compatible nm
configure:4527: result: arm-brcm-linux-uclibcgnueabi-nm
configure:4531: checking whether ln -s works
configure:4535: result: yes
configure:4542: checking how to recognise dependent libraries
configure:4716: result: pass_all
configure:4902: checking how to run the C preprocessor
configure:4933: arm-brcm-linux-uclibcgnueabi-gcc -E -I/home/zheng/asuswrt/release/src-rt-9.x/src/router/zlib conftest.c
configure:4933: $? = 0
configure:4947: arm-brcm-linux-uclibcgnueabi-gcc -E -I/home/zheng/asuswrt/release/src-rt-9.x/src/router/zlib conftest.c
conftest.c:11:28: fatal error: ac_nonexistent.h: No such file or directory
compilation terminated.
configure:4947: $? = 1
configure: failed program was:
| /* confdefs.h */
| #define PACKAGE_NAME "ID3 Tag"
| #define PACKAGE_TARNAME "libid3tag"
| #define PACKAGE_VERSION "0.15.1b"
| #define PACKAGE_STRING "ID3 Tag 0.15.1b"
| #define PACKAGE_BUGREPORT "support@underbit.com"
| #define PACKAGE_URL ""
| #define PACKAGE "libid3tag"
| #define VERSION "0.15.1b"
| /* end confdefs.h.  */
| #include <ac_nonexistent.h>
configure:4972: result: arm-brcm-linux-uclibcgnueabi-gcc -E
configure:4992: arm-brcm-linux-uclibcgnueabi-gcc -E -I/home/zheng/asuswrt/release/src-rt-9.x/src/router/zlib conftest.c
configure:4992: $? = 0
configure:5006: arm-brcm-linux-uclibcgnueabi-gcc -E -I/home/zheng/asuswrt/release/src-rt-9.x/src/router/zlib conftest.c
conftest.c:11:28: fatal error: ac_nonexistent.h: No such file or directory
compilation terminated.
configure:5006: $? = 1
configure: failed program was:
| /* confdefs.h */
| #define PACKAGE_NAME "ID3 Tag"
| #define PACKAGE_TARNAME "libid3tag"
| #define PACKAGE_VERSION "0.15.1b"
| #define PACKAGE_STRING "ID3 Tag 0.15.1b"
| #define PACKAGE_BUGREPORT "support@underbit.com"
| #define PACKAGE_URL ""
| #define PACKAGE "libid3tag"
| #define VERSION "0.15.1b"
| /* end confdefs.h.  */
| #include <ac_nonexistent.h>
configure:5035: checking for ANSI C header files
configure:5055: arm-brcm-linux-uclibcgnueabi-gcc -c -Os -Wall -DLINUX26 -DCONFIG_BCMWL5 -DDEBUG_NOISY -DDEBUG_RCTEST -pipe -DBCMWPA2 -DBCMARM -fno-strict-aliasing -marm -DRTCONFIG_NVRAM_64K -DLINUX_KERNEL_VERSION=132644  -ffunction-sections -fdata-sections -I/home/zheng/asuswrt/release/src-rt-9.x/src/router/zlib conftest.c >&5
configure:5055: $? = 0
configure:5139: result: yes
configure:5152: checking for sys/types.h
configure:5152: arm-brcm-linux-uclibcgnueabi-gcc -c -Os -Wall -DLINUX26 -DCONFIG_BCMWL5 -DDEBUG_NOISY -DDEBUG_RCTEST -pipe -DBCMWPA2 -DBCMARM -fno-strict-aliasing -marm -DRTCONFIG_NVRAM_64K -DLINUX_KERNEL_VERSION=132644  -ffunction-sections -fdata-sections -I/home/zheng/asuswrt/release/src-rt-9.x/src/router/zlib conftest.c >&5
configure:5152: $? = 0
configure:5152: result: yes
configure:5152: checking for sys/stat.h
configure:5152: arm-brcm-linux-uclibcgnueabi-gcc -c -Os -Wall -DLINUX26 -DCONFIG_BCMWL5 -DDEBUG_NOISY -DDEBUG_RCTEST -pipe -DBCMWPA2 -DBCMARM -fno-strict-aliasing -marm -DRTCONFIG_NVRAM_64K -DLINUX_KERNEL_VERSION=132644  -ffunction-sections -fdata-sections -I/home/zheng/asuswrt/release/src-rt-9.x/src/router/zlib conftest.c >&5
configure:5152: $? = 0
configure:5152: result: yes
configure:5152: checking for stdlib.h
configure:5152: arm-brcm-linux-uclibcgnueabi-gcc -c -Os -Wall -DLINUX26 -DCONFIG_BCMWL5 -DDEBUG_NOISY -DDEBUG_RCTEST -pipe -DBCMWPA2 -DBCMARM -fno-strict-aliasing -marm -DRTCONFIG_NVRAM_64K -DLINUX_KERNEL_VERSION=132644  -ffunction-sections -fdata-sections -I/home/zheng/asuswrt/release/src-rt-9.x/src/router/zlib conftest.c >&5
configure:5152: $? = 0
configure:5152: result: yes
configure:5152: checking for string.h
configure:5152: arm-brcm-linux-uclibcgnueabi-gcc -c -Os -Wall -DLINUX26 -DCONFIG_BCMWL5 -DDEBUG_NOISY -DDEBUG_RCTEST -pipe -DBCMWPA2 -DBCMARM -fno-strict-aliasing -marm -DRTCONFIG_NVRAM_64K -DLINUX_KERNEL_VERSION=132644  -ffunction-sections -fdata-sections -I/home/zheng/asuswrt/release/src-rt-9.x/src/router/zlib conftest.c >&5
configure:5152: $? = 0
configure:5152: result: yes
configure:5152: checking for memory.h
configure:5152: arm-brcm-linux-uclibcgnueabi-gcc -c -Os -Wall -DLINUX26 -DCONFIG_BCMWL5 -DDEBUG_NOISY -DDEBUG_RCTEST -pipe -DBCMWPA2 -DBCMARM -fno-strict-aliasing -marm -DRTCONFIG_NVRAM_64K -DLINUX_KERNEL_VERSION=132644  -ffunction-sections -fdata-sections -I/home/zheng/asuswrt/release/src-rt-9.x/src/router/zlib conftest.c >&5
configure:5152: $? = 0
configure:5152: result: yes
configure:5152: checking for strings.h
configure:5152: arm-brcm-linux-uclibcgnueabi-gcc -c -Os -Wall -DLINUX26 -DCONFIG_BCMWL5 -DDEBUG_NOISY -DDEBUG_RCTEST -pipe -DBCMWPA2 -DBCMARM -fno-strict-aliasing -marm -DRTCONFIG_NVRAM_64K -DLINUX_KERNEL_VERSION=132644  -ffunction-sections -fdata-sections -I/home/zheng/asuswrt/release/src-rt-9.x/src/router/zlib conftest.c >&5
configure:5152: $? = 0
configure:5152: result: yes
configure:5152: checking for inttypes.h
configure:5152: arm-brcm-linux-uclibcgnueabi-gcc -c -Os -Wall -DLINUX26 -DCONFIG_BCMWL5 -DDEBUG_NOISY -DDEBUG_RCTEST -pipe -DBCMWPA2 -DBCMARM -fno-strict-aliasing -marm -DRTCONFIG_NVRAM_64K -DLINUX_KERNEL_VERSION=132644  -ffunction-sections -fdata-sections -I/home/zheng/asuswrt/release/src-rt-9.x/src/router/zlib conftest.c >&5
configure:5152: $? = 0
configure:5152: result: yes
configure:5152: checking for stdint.h
configure:5152: arm-brcm-linux-uclibcgnueabi-gcc -c -Os -Wall -DLINUX26 -DCONFIG_BCMWL5 -DDEBUG_NOISY -DDEBUG_RCTEST -pipe -DBCMWPA2 -DBCMARM -fno-strict-aliasing -marm -DRTCONFIG_NVRAM_64K -DLINUX_KERNEL_VERSION=132644  -ffunction-sections -fdata-sections -I/home/zheng/asuswrt/release/src-rt-9.x/src/router/zlib conftest.c >&5
configure:5152: $? = 0
configure:5152: result: yes
configure:5152: checking for unistd.h
configure:5152: arm-brcm-linux-uclibcgnueabi-gcc -c -Os -Wall -DLINUX26 -DCONFIG_BCMWL5 -DDEBUG_NOISY -DDEBUG_RCTEST -pipe -DBCMWPA2 -DBCMARM -fno-strict-aliasing -marm -DRTCONFIG_NVRAM_64K -DLINUX_KERNEL_VERSION=132644  -ffunction-sections -fdata-sections -I/home/zheng/asuswrt/release/src-rt-9.x/src/router/zlib conftest.c >&5
configure:5152: $? = 0
configure:5152: result: yes
configure:5166: checking dlfcn.h usability
configure:5166: arm-brcm-linux-uclibcgnueabi-gcc -c -Os -Wall -DLINUX26 -DCONFIG_BCMWL5 -DDEBUG_NOISY -DDEBUG_RCTEST -pipe -DBCMWPA2 -DBCMARM -fno-strict-aliasing -marm -DRTCONFIG_NVRAM_64K -DLINUX_KERNEL_VERSION=132644  -ffunction-sections -fdata-sections -I/home/zheng/asuswrt/release/src-rt-9.x/src/router/zlib conftest.c >&5
configure:5166: $? = 0
configure:5166: result: yes
configure:5166: checking dlfcn.h presence
configure:5166: arm-brcm-linux-uclibcgnueabi-gcc -E -I/home/zheng/asuswrt/release/src-rt-9.x/src/router/zlib conftest.c
configure:5166: $? = 0
configure:5166: result: yes
configure:5166: checking for dlfcn.h
configure:5166: result: yes
configure:5288: checking for C++ compiler version
configure:5297: arm-brcm-linux-uclibcgnueabi-g++ --version >&5
arm-brcm-linux-uclibcgnueabi-g++ (Buildroot 2012.02) 4.5.3
Copyright (C) 2010 Free Software Foundation, Inc.
This is free software; see the source for copying conditions.  There is NO
warranty; not even for MERCHANTABILITY or FITNESS FOR A PARTICULAR PURPOSE.

configure:5308: $? = 0
configure:5297: arm-brcm-linux-uclibcgnueabi-g++ -v >&5
Using built-in specs.
COLLECT_GCC=arm-brcm-linux-uclibcgnueabi-g++
COLLECT_LTO_WRAPPER=/home/zheng/asuswrt-merlin/release/src-rt-6.x.4708/toolchains/hndtools-arm-linux-2.6.36-uclibc-4.5.3/bin/../libexec/gcc/arm-brcm-linux-uclibcgnueabi/4.5.3/lto-wrapper
Target: arm-brcm-linux-uclibcgnueabi
Configured with: /projects/toolchains_build/buildroot-2012.02-brcm/output/toolchain/gcc-4.5.3/configure --prefix=/projects/hnd/tools/linux/hndtools-arm-linux-2.6.36-uclibc-4.5.3 --build=i686-pc-linux-gnu --host=i686-pc-linux-gnu --target=arm-brcm-linux-uclibcgnueabi --enable-languages=c,c++ --with-sysroot=/projects/hnd/tools/linux/hndtools-arm-linux-2.6.36-uclibc-4.5.3/arm-brcm-linux-uclibcgnueabi/sysroot --with-build-time-tools=/projects/hnd/tools/linux/hndtools-arm-linux-2.6.36-uclibc-4.5.3/arm-brcm-linux-uclibcgnueabi/bin --disable-__cxa_atexit --enable-target-optspace --disable-libgomp --with-gnu-ld --disable-libssp --disable-multilib --disable-tls --enable-shared --with-gmp=/projects/hnd/tools/linux/hndtools-arm-linux-2.6.36-uclibc-4.5.3 --with-mpfr=/projects/hnd/tools/linux/hndtools-arm-linux-2.6.36-uclibc-4.5.3 --with-mpc=/projects/hnd/tools/linux/hndtools-arm-linux-2.6.36-uclibc-4.5.3 --enable-threads --disable-decimal-float --with-float=soft --with-abi=aapcs-linux --with-arch=armv7-a --with-tune=cortex-a9 --with-pkgversion='Buildroot 2012.02' --with-bugurl=http://bugs.buildroot.net/
Thread model: posix
gcc version 4.5.3 (Buildroot 2012.02) 
configure:5308: $? = 0
configure:5297: arm-brcm-linux-uclibcgnueabi-g++ -V >&5
arm-brcm-linux-uclibcgnueabi-g++: '-V' option must have argument
configure:5308: $? = 1
configure:5297: arm-brcm-linux-uclibcgnueabi-g++ -qversion >&5
arm-brcm-linux-uclibcgnueabi-g++: unrecognized option '-qversion'
arm-brcm-linux-uclibcgnueabi-g++: no input files
configure:5308: $? = 1
configure:5312: checking whether we are using the GNU C++ compiler
configure:5331: arm-brcm-linux-uclibcgnueabi-g++ -c  -I/home/zheng/asuswrt/release/src-rt-9.x/src/router/zlib conftest.cpp >&5
configure:5331: $? = 0
configure:5340: result: yes
configure:5349: checking whether arm-brcm-linux-uclibcgnueabi-g++ accepts -g
configure:5369: arm-brcm-linux-uclibcgnueabi-g++ -c -g -I/home/zheng/asuswrt/release/src-rt-9.x/src/router/zlib conftest.cpp >&5
configure:5369: $? = 0
configure:5410: result: yes
configure:5435: checking dependency style of arm-brcm-linux-uclibcgnueabi-g++
configure:5518: result: none
configure:5540: checking how to run the C++ preprocessor
configure:5567: arm-brcm-linux-uclibcgnueabi-g++ -E -I/home/zheng/asuswrt/release/src-rt-9.x/src/router/zlib conftest.cpp
configure:5567: $? = 0
configure:5581: arm-brcm-linux-uclibcgnueabi-g++ -E -I/home/zheng/asuswrt/release/src-rt-9.x/src/router/zlib conftest.cpp
conftest.cpp:22:28: fatal error: ac_nonexistent.h: No such file or directory
compilation terminated.
configure:5581: $? = 1
configure: failed program was:
| /* confdefs.h */
| #define PACKAGE_NAME "ID3 Tag"
| #define PACKAGE_TARNAME "libid3tag"
| #define PACKAGE_VERSION "0.15.1b"
| #define PACKAGE_STRING "ID3 Tag 0.15.1b"
| #define PACKAGE_BUGREPORT "support@underbit.com"
| #define PACKAGE_URL ""
| #define PACKAGE "libid3tag"
| #define VERSION "0.15.1b"
| #define STDC_HEADERS 1
| #define HAVE_SYS_TYPES_H 1
| #define HAVE_SYS_STAT_H 1
| #define HAVE_STDLIB_H 1
| #define HAVE_STRING_H 1
| #define HAVE_MEMORY_H 1
| #define HAVE_STRINGS_H 1
| #define HAVE_INTTYPES_H 1
| #define HAVE_STDINT_H 1
| #define HAVE_UNISTD_H 1
| #define HAVE_DLFCN_H 1
| /* end confdefs.h.  */
| #include <ac_nonexistent.h>
configure:5606: result: arm-brcm-linux-uclibcgnueabi-g++ -E
configure:5626: arm-brcm-linux-uclibcgnueabi-g++ -E -I/home/zheng/asuswrt/release/src-rt-9.x/src/router/zlib conftest.cpp
configure:5626: $? = 0
configure:5640: arm-brcm-linux-uclibcgnueabi-g++ -E -I/home/zheng/asuswrt/release/src-rt-9.x/src/router/zlib conftest.cpp
conftest.cpp:22:28: fatal error: ac_nonexistent.h: No such file or directory
compilation terminated.
configure:5640: $? = 1
configure: failed program was:
| /* confdefs.h */
| #define PACKAGE_NAME "ID3 Tag"
| #define PACKAGE_TARNAME "libid3tag"
| #define PACKAGE_VERSION "0.15.1b"
| #define PACKAGE_STRING "ID3 Tag 0.15.1b"
| #define PACKAGE_BUGREPORT "support@underbit.com"
| #define PACKAGE_URL ""
| #define PACKAGE "libid3tag"
| #define VERSION "0.15.1b"
| #define STDC_HEADERS 1
| #define HAVE_SYS_TYPES_H 1
| #define HAVE_SYS_STAT_H 1
| #define HAVE_STDLIB_H 1
| #define HAVE_STRING_H 1
| #define HAVE_MEMORY_H 1
| #define HAVE_STRINGS_H 1
| #define HAVE_INTTYPES_H 1
| #define HAVE_STDINT_H 1
| #define HAVE_UNISTD_H 1
| #define HAVE_DLFCN_H 1
| /* end confdefs.h.  */
| #include <ac_nonexistent.h>
configure:5678: checking for arm-linux-g77
configure:5708: result: no
configure:5678: checking for arm-linux-xlf
configure:5708: result: no
configure:5678: checking for arm-linux-f77
configure:5708: result: no
configure:5678: checking for arm-linux-frt
configure:5708: result: no
configure:5678: checking for arm-linux-pgf77
configure:5708: result: no
configure:5678: checking for arm-linux-cf77
configure:5708: result: no
configure:5678: checking for arm-linux-fort77
configure:5708: result: no
configure:5678: checking for arm-linux-fl32
configure:5708: result: no
configure:5678: checking for arm-linux-af77
configure:5708: result: no
configure:5678: checking for arm-linux-xlf90
configure:5708: result: no
configure:5678: checking for arm-linux-f90
configure:5708: result: no
configure:5678: checking for arm-linux-pgf90
configure:5708: result: no
configure:5678: checking for arm-linux-pghpf
configure:5708: result: no
configure:5678: checking for arm-linux-epcf90
configure:5708: result: no
configure:5678: checking for arm-linux-gfortran
configure:5708: result: no
configure:5678: checking for arm-linux-g95
configure:5708: result: no
configure:5678: checking for arm-linux-xlf95
configure:5708: result: no
configure:5678: checking for arm-linux-f95
configure:5708: result: no
configure:5678: checking for arm-linux-fort
configure:5708: result: no
configure:5678: checking for arm-linux-ifort
configure:5708: result: no
configure:5678: checking for arm-linux-ifc
configure:5708: result: no
configure:5678: checking for arm-linux-efc
configure:5708: result: no
configure:5678: checking for arm-linux-pgfortran
configure:5708: result: no
configure:5678: checking for arm-linux-pgf95
configure:5708: result: no
configure:5678: checking for arm-linux-lf95
configure:5708: result: no
configure:5678: checking for arm-linux-ftn
configure:5708: result: no
configure:5722: checking for g77
configure:5752: result: no
configure:5722: checking for xlf
configure:5752: result: no
configure:5722: checking for f77
configure:5752: result: no
configure:5722: checking for frt
configure:5752: result: no
configure:5722: checking for pgf77
configure:5752: result: no
configure:5722: checking for cf77
configure:5752: result: no
configure:5722: checking for fort77
configure:5752: result: no
configure:5722: checking for fl32
configure:5752: result: no
configure:5722: checking for af77
configure:5752: result: no
configure:5722: checking for xlf90
configure:5752: result: no
configure:5722: checking for f90
configure:5752: result: no
configure:5722: checking for pgf90
configure:5752: result: no
configure:5722: checking for pghpf
configure:5752: result: no
configure:5722: checking for epcf90
configure:5752: result: no
configure:5722: checking for gfortran
configure:5752: result: no
configure:5722: checking for g95
configure:5752: result: no
configure:5722: checking for xlf95
configure:5752: result: no
configure:5722: checking for f95
configure:5752: result: no
configure:5722: checking for fort
configure:5752: result: no
configure:5722: checking for ifort
configure:5752: result: no
configure:5722: checking for ifc
configure:5752: result: no
configure:5722: checking for efc
configure:5752: result: no
configure:5722: checking for pgfortran
configure:5752: result: no
configure:5722: checking for pgf95
configure:5752: result: no
configure:5722: checking for lf95
configure:5752: result: no
configure:5722: checking for ftn
configure:5752: result: no
configure:5775: checking for Fortran 77 compiler version
configure:5784:  --version >&5
./configure: line 5786: --version: command not found
configure:5795: $? = 127
configure:5784:  -v >&5
./configure: line 5786: -v: command not found
configure:5795: $? = 127
configure:5784:  -V >&5
./configure: line 5786: -V: command not found
configure:5795: $? = 127
configure:5784:  -qversion >&5
./configure: line 5786: -qversion: command not found
configure:5795: $? = 127
configure:5804: checking whether we are using the GNU Fortran 77 compiler
configure:5817:  -c  conftest.F >&5
./configure: line 2181: -c: command not found
configure:5817: $? = 127
configure: failed program was:
|       program main
| #ifndef __GNUC__
|        choke me
| #endif
| 
|       end
configure:5826: result: no
configure:5832: checking whether  accepts -g
configure:5843:  -c -g conftest.f >&5
./configure: line 2181: -c: command not found
configure:5843: $? = 127
configure: failed program was:
|       program main
| 
|       end
configure:5851: result: no
configure:5885: checking the maximum length of command line arguments
configure:5950: result: 32768
configure:5961: checking command to parse arm-brcm-linux-uclibcgnueabi-nm output from arm-brcm-linux-uclibcgnueabi-gcc object
configure:6050: arm-brcm-linux-uclibcgnueabi-gcc -c -Os -Wall -DLINUX26 -DCONFIG_BCMWL5 -DDEBUG_NOISY -DDEBUG_RCTEST -pipe -DBCMWPA2 -DBCMARM -fno-strict-aliasing -marm -DRTCONFIG_NVRAM_64K -DLINUX_KERNEL_VERSION=132644  -ffunction-sections -fdata-sections -I/home/zheng/asuswrt/release/src-rt-9.x/src/router/zlib conftest.c >&5
configure:6053: $? = 0
configure:6057: arm-brcm-linux-uclibcgnueabi-nm conftest.o \| sed -n -e 's/^.*[ 	]\([ABCDGIRSTW][ABCDGIRSTW]*\)[ 	][ 	]*\(\)\([_A-Za-z][_A-Za-z0-9]*\)$/\1 \2\3 \3/p' \> conftest.nm
configure:6060: $? = 0
configure:6112: arm-brcm-linux-uclibcgnueabi-gcc -o conftest -Os -Wall -DLINUX26 -DCONFIG_BCMWL5 -DDEBUG_NOISY -DDEBUG_RCTEST -pipe -DBCMWPA2 -DBCMARM -fno-strict-aliasing -marm -DRTCONFIG_NVRAM_64K -DLINUX_KERNEL_VERSION=132644  -ffunction-sections -fdata-sections -I/home/zheng/asuswrt/release/src-rt-9.x/src/router/zlib -L/home/zheng/asuswrt/release/src-rt-9.x/src/router/zlib -fPIC -ffunction-sections -fdata-sections -Wl,--gc-sections conftest.c conftstm.o >&5
configure:6115: $? = 0
configure:6153: result: ok
configure:6157: checking for objdir
configure:6172: result: .libs
configure:6224: checking for arm-linux-ar
configure:6251: result: arm-brcm-linux-uclibcgnueabi-ar
configure:6316: checking for arm-linux-ranlib
configure:6343: result: arm-brcm-linux-uclibcgnueabi-ranlib
configure:6408: checking for arm-linux-strip
configure:6435: result: arm-brcm-linux-uclibcgnueabi-strip
configure:6747: checking if arm-brcm-linux-uclibcgnueabi-gcc static flag  works
configure:6770: result: yes
configure:6788: checking if arm-brcm-linux-uclibcgnueabi-gcc supports -fno-rtti -fno-exceptions
configure:6806: arm-brcm-linux-uclibcgnueabi-gcc -c -Os -Wall -DLINUX26 -DCONFIG_BCMWL5 -DDEBUG_NOISY -DDEBUG_RCTEST -pipe -DBCMWPA2 -DBCMARM -fno-strict-aliasing -marm -DRTCONFIG_NVRAM_64K -DLINUX_KERNEL_VERSION=132644  -ffunction-sections -fdata-sections -I/home/zheng/asuswrt/release/src-rt-9.x/src/router/zlib -fno-rtti -fno-exceptions conftest.c >&5
cc1: warning: command line option "-fno-rtti" is valid for C++/ObjC++ but not for C
configure:6810: $? = 0
configure:6821: result: no
configure:6836: checking for arm-brcm-linux-uclibcgnueabi-gcc option to produce PIC
configure:7013: result: -fPIC
configure:7021: checking if arm-brcm-linux-uclibcgnueabi-gcc PIC flag -fPIC works
configure:7039: arm-brcm-linux-uclibcgnueabi-gcc -c -Os -Wall -DLINUX26 -DCONFIG_BCMWL5 -DDEBUG_NOISY -DDEBUG_RCTEST -pipe -DBCMWPA2 -DBCMARM -fno-strict-aliasing -marm -DRTCONFIG_NVRAM_64K -DLINUX_KERNEL_VERSION=132644  -ffunction-sections -fdata-sections -I/home/zheng/asuswrt/release/src-rt-9.x/src/router/zlib -fPIC -DPIC conftest.c >&5
configure:7043: $? = 0
configure:7054: result: yes
configure:7078: checking if arm-brcm-linux-uclibcgnueabi-gcc supports -c -o file.o
configure:7099: arm-brcm-linux-uclibcgnueabi-gcc -c -Os -Wall -DLINUX26 -DCONFIG_BCMWL5 -DDEBUG_NOISY -DDEBUG_RCTEST -pipe -DBCMWPA2 -DBCMARM -fno-strict-aliasing -marm -DRTCONFIG_NVRAM_64K -DLINUX_KERNEL_VERSION=132644  -ffunction-sections -fdata-sections -I/home/zheng/asuswrt/release/src-rt-9.x/src/router/zlib -o out/conftest2.o conftest.c >&5
configure:7103: $? = 0
configure:7123: result: yes
configure:7149: checking whether the arm-brcm-linux-uclibcgnueabi-gcc linker (arm-brcm-linux-uclibcgnueabi-ld) supports shared libraries
configure:7939: result: yes
configure:7965: checking whether -lc should be explicitly linked in
configure:7970: arm-brcm-linux-uclibcgnueabi-gcc -c -Os -Wall -DLINUX26 -DCONFIG_BCMWL5 -DDEBUG_NOISY -DDEBUG_RCTEST -pipe -DBCMWPA2 -DBCMARM -fno-strict-aliasing -marm -DRTCONFIG_NVRAM_64K -DLINUX_KERNEL_VERSION=132644  -ffunction-sections -fdata-sections -I/home/zheng/asuswrt/release/src-rt-9.x/src/router/zlib conftest.c >&5
configure:7973: $? = 0
configure:7987: arm-brcm-linux-uclibcgnueabi-gcc -shared conftest.o  -v -Wl,-soname -Wl,conftest -o conftest 2\>\&1 \| grep  -lc  \>/dev/null 2\>\&1
configure:7990: $? = 0
configure:8002: result: no
configure:8010: checking dynamic linker characteristics
configure:8550: result: GNU/Linux ld.so
configure:8554: checking how to hardcode library paths into programs
configure:8579: result: immediate
configure:8593: checking whether stripping libraries is possible
configure:8598: result: yes
configure:9110: checking if libtool supports shared libraries
configure:9112: result: yes
configure:9115: checking whether to build shared libraries
configure:9173: result: yes
configure:9176: checking whether to build static libraries
configure:9180: result: yes
configure:9272: creating libtool
configure:9815: checking for ld used by arm-brcm-linux-uclibcgnueabi-g++
configure:9882: result: arm-brcm-linux-uclibcgnueabi-ld
configure:9889: checking if the linker (arm-brcm-linux-uclibcgnueabi-ld) is GNU ld
configure:9904: result: yes
configure:9955: checking whether the arm-brcm-linux-uclibcgnueabi-g++ linker (arm-brcm-linux-uclibcgnueabi-ld) supports shared libraries
configure:10725: result: yes
configure:10743: arm-brcm-linux-uclibcgnueabi-g++ -c -g -O2 -I/home/zheng/asuswrt/release/src-rt-9.x/src/router/zlib conftest.cc >&5
configure:10746: $? = 0
configure:10842: checking for arm-brcm-linux-uclibcgnueabi-g++ option to produce PIC
configure:11094: result: -fPIC
configure:11102: checking if arm-brcm-linux-uclibcgnueabi-g++ PIC flag -fPIC works
configure:11120: arm-brcm-linux-uclibcgnueabi-g++ -c -g -O2 -I/home/zheng/asuswrt/release/src-rt-9.x/src/router/zlib -fPIC -DPIC conftest.cc >&5
configure:11124: $? = 0
configure:11135: result: yes
configure:11159: checking if arm-brcm-linux-uclibcgnueabi-g++ supports -c -o file.o
configure:11180: arm-brcm-linux-uclibcgnueabi-g++ -c -g -O2 -I/home/zheng/asuswrt/release/src-rt-9.x/src/router/zlib -o out/conftest2.o conftest.cc >&5
configure:11184: $? = 0
configure:11204: result: yes
configure:11230: checking whether the arm-brcm-linux-uclibcgnueabi-g++ linker (arm-brcm-linux-uclibcgnueabi-ld) supports shared libraries
configure:11255: result: yes
configure:11326: checking dynamic linker characteristics
configure:11866: result: GNU/Linux ld.so
configure:11870: checking how to hardcode library paths into programs
configure:11895: result: immediate
configure:11909: checking whether stripping libraries is possible
configure:11914: result: yes
configure:18454: checking for ANSI C header files
configure:18558: result: yes
configure:18569: checking assert.h usability
configure:18569: arm-brcm-linux-uclibcgnueabi-gcc -c -Wall -DLINUX26 -DCONFIG_BCMWL5 -DDEBUG_NOISY -DDEBUG_RCTEST -pipe -DBCMWPA2 -DBCMARM -DRTCONFIG_NVRAM_64K -DLINUX_KERNEL_VERSION=132644 -I/home/zheng/asuswrt/release/src-rt-9.x/src/router/zlib conftest.c >&5
configure:18569: $? = 0
configure:18569: result: yes
configure:18569: checking assert.h presence
configure:18569: arm-brcm-linux-uclibcgnueabi-gcc -E -I/home/zheng/asuswrt/release/src-rt-9.x/src/router/zlib conftest.c
configure:18569: $? = 0
configure:18569: result: yes
configure:18569: checking for assert.h
configure:18569: result: yes
configure:18569: checking for unistd.h
configure:18569: result: yes
configure:18580: checking zlib.h usability
configure:18580: arm-brcm-linux-uclibcgnueabi-gcc -c -Wall -DLINUX26 -DCONFIG_BCMWL5 -DDEBUG_NOISY -DDEBUG_RCTEST -pipe -DBCMWPA2 -DBCMARM -DRTCONFIG_NVRAM_64K -DLINUX_KERNEL_VERSION=132644 -I/home/zheng/asuswrt/release/src-rt-9.x/src/router/zlib conftest.c >&5
configure:18580: $? = 0
configure:18580: result: yes
configure:18580: checking zlib.h presence
configure:18580: arm-brcm-linux-uclibcgnueabi-gcc -E -I/home/zheng/asuswrt/release/src-rt-9.x/src/router/zlib conftest.c
configure:18580: $? = 0
configure:18580: result: yes
configure:18580: checking for zlib.h
configure:18580: result: yes
configure:18595: checking for an ANSI C-conforming const
configure:18660: arm-brcm-linux-uclibcgnueabi-gcc -c -Wall -DLINUX26 -DCONFIG_BCMWL5 -DDEBUG_NOISY -DDEBUG_RCTEST -pipe -DBCMWPA2 -DBCMARM -DRTCONFIG_NVRAM_64K -DLINUX_KERNEL_VERSION=132644 -I/home/zheng/asuswrt/release/src-rt-9.x/src/router/zlib conftest.c >&5
conftest.c: In function 'main':
conftest.c:54:10: warning: 't' is used uninitialized in this function
conftest.c:70:23: warning: 'b' may be used uninitialized in this function
configure:18660: $? = 0
configure:18667: result: yes
configure:18675: checking for inline
configure:18691: arm-brcm-linux-uclibcgnueabi-gcc -c -Wall -DLINUX26 -DCONFIG_BCMWL5 -DDEBUG_NOISY -DDEBUG_RCTEST -pipe -DBCMWPA2 -DBCMARM -DRTCONFIG_NVRAM_64K -DLINUX_KERNEL_VERSION=132644 -I/home/zheng/asuswrt/release/src-rt-9.x/src/router/zlib conftest.c >&5
configure:18691: $? = 0
configure:18699: result: inline
configure:18721: checking for ftruncate
configure:18721: arm-brcm-linux-uclibcgnueabi-gcc -o conftest -Wall -DLINUX26 -DCONFIG_BCMWL5 -DDEBUG_NOISY -DDEBUG_RCTEST -pipe -DBCMWPA2 -DBCMARM -DRTCONFIG_NVRAM_64K -DLINUX_KERNEL_VERSION=132644 -I/home/zheng/asuswrt/release/src-rt-9.x/src/router/zlib -L/home/zheng/asuswrt/release/src-rt-9.x/src/router/zlib -fPIC -ffunction-sections -fdata-sections -Wl,--gc-sections conftest.c  >&5
configure:18721: $? = 0
configure:18721: result: yes
configure:18731: checking for compress2 in -lz
configure:18756: arm-brcm-linux-uclibcgnueabi-gcc -o conftest -Wall -DLINUX26 -DCONFIG_BCMWL5 -DDEBUG_NOISY -DDEBUG_RCTEST -pipe -DBCMWPA2 -DBCMARM -DRTCONFIG_NVRAM_64K -DLINUX_KERNEL_VERSION=132644 -I/home/zheng/asuswrt/release/src-rt-9.x/src/router/zlib -L/home/zheng/asuswrt/release/src-rt-9.x/src/router/zlib -fPIC -ffunction-sections -fdata-sections -Wl,--gc-sections conftest.c -lz   >&5
configure:18756: $? = 0
configure:18765: result: yes
configure:18871: checking whether to enable profiling
configure:18882: result: no
configure:18885: checking whether to enable debugging
configure:18916: result: no
configure:19068: creating ./config.status

## ---------------------- ##
## Running config.status. ##
## ---------------------- ##

This file was extended by ID3 Tag config.status 0.15.1b, which was
generated by GNU Autoconf 2.68.  Invocation command line was

  CONFIG_FILES    = 
  CONFIG_HEADERS  = 
  CONFIG_LINKS    = 
  CONFIG_COMMANDS = 
  $ ./config.status 

on zheng-MacBookAir

config.status:888: creating Makefile
config.status:991: WARNING:  'Makefile.in' seems to ignore the --datarootdir setting
config.status:888: creating msvc++/Makefile
config.status:991: WARNING:  'msvc++/Makefile.in' seems to ignore the --datarootdir setting
config.status:888: creating libid3tag.list
config.status:888: creating config.h
config.status:1063: config.h is unchanged
config.status:1110: executing depfiles commands

## ---------------- ##
## Cache variables. ##
## ---------------- ##

ac_cv_build=x86_64-unknown-linux-gnu
ac_cv_c_compiler_gnu=yes
ac_cv_c_const=yes
ac_cv_c_inline=inline
ac_cv_cxx_compiler_gnu=yes
ac_cv_env_CCC_set=
ac_cv_env_CCC_value=
ac_cv_env_CC_set=set
ac_cv_env_CC_value=arm-brcm-linux-uclibcgnueabi-gcc
ac_cv_env_CFLAGS_set=set
ac_cv_env_CFLAGS_value='-Os -Wall -DLINUX26 -DCONFIG_BCMWL5 -DDEBUG_NOISY -DDEBUG_RCTEST -pipe -DBCMWPA2 -DBCMARM -fno-strict-aliasing -marm -DRTCONFIG_NVRAM_64K -DLINUX_KERNEL_VERSION=132644  -ffunction-sections -fdata-sections'
ac_cv_env_CPPFLAGS_set=set
ac_cv_env_CPPFLAGS_value=-I/home/zheng/asuswrt/release/src-rt-9.x/src/router/zlib
ac_cv_env_CPP_set=
ac_cv_env_CPP_value=
ac_cv_env_CXXCPP_set=
ac_cv_env_CXXCPP_value=
ac_cv_env_CXXFLAGS_set=
ac_cv_env_CXXFLAGS_value=
ac_cv_env_CXX_set=set
ac_cv_env_CXX_value=arm-brcm-linux-uclibcgnueabi-g++
ac_cv_env_F77_set=
ac_cv_env_F77_value=
ac_cv_env_FFLAGS_set=
ac_cv_env_FFLAGS_value=
ac_cv_env_LDFLAGS_set=set
ac_cv_env_LDFLAGS_value='-L/home/zheng/asuswrt/release/src-rt-9.x/src/router/zlib -fPIC -ffunction-sections -fdata-sections -Wl,--gc-sections'
ac_cv_env_LIBS_set=
ac_cv_env_LIBS_value=
ac_cv_env_build_alias_set=set
ac_cv_env_build_alias_value=
ac_cv_env_host_alias_set=set
ac_cv_env_host_alias_value=arm-linux
ac_cv_env_target_alias_set=
ac_cv_env_target_alias_value=
ac_cv_f77_compiler_gnu=no
ac_cv_func_ftruncate=yes
ac_cv_header_assert_h=yes
ac_cv_header_dlfcn_h=yes
ac_cv_header_inttypes_h=yes
ac_cv_header_memory_h=yes
ac_cv_header_stdc=yes
ac_cv_header_stdint_h=yes
ac_cv_header_stdlib_h=yes
ac_cv_header_string_h=yes
ac_cv_header_strings_h=yes
ac_cv_header_sys_stat_h=yes
ac_cv_header_sys_types_h=yes
ac_cv_header_unistd_h=yes
ac_cv_header_zlib_h=yes
ac_cv_host=arm-unknown-linux-gnu
ac_cv_lib_z_compress2=yes
ac_cv_objext=o
ac_cv_path_EGREP='/bin/grep -E'
ac_cv_path_GREP=/bin/grep
ac_cv_path_install='/usr/bin/install -c'
ac_cv_prog_AR=arm-brcm-linux-uclibcgnueabi-ar
ac_cv_prog_AWK=gawk
ac_cv_prog_CC=arm-brcm-linux-uclibcgnueabi-gcc
ac_cv_prog_CPP='arm-brcm-linux-uclibcgnueabi-gcc -E'
ac_cv_prog_CXXCPP='arm-brcm-linux-uclibcgnueabi-g++ -E'
ac_cv_prog_RANLIB=arm-brcm-linux-uclibcgnueabi-ranlib
ac_cv_prog_STRIP=arm-brcm-linux-uclibcgnueabi-strip
ac_cv_prog_cc_c89=
ac_cv_prog_cc_g=yes
ac_cv_prog_cxx_g=yes
ac_cv_prog_f77_g=no
ac_cv_prog_make_make_set=yes
am_cv_CC_dependencies_compiler_type=none
am_cv_CXX_dependencies_compiler_type=none
lt_cv_deplibs_check_method=pass_all
lt_cv_file_magic_cmd='$MAGIC_CMD'
lt_cv_file_magic_test_file=
lt_cv_ld_reload_flag=-r
lt_cv_objdir=.libs
lt_cv_path_LD=arm-brcm-linux-uclibcgnueabi-ld
lt_cv_path_LDCXX=arm-brcm-linux-uclibcgnueabi-ld
lt_cv_path_NM=arm-brcm-linux-uclibcgnueabi-nm
lt_cv_path_SED=/bin/sed
lt_cv_prog_compiler_c_o=yes
lt_cv_prog_compiler_c_o_CXX=yes
lt_cv_prog_compiler_rtti_exceptions=no
lt_cv_prog_gnu_ld=yes
lt_cv_prog_gnu_ldcxx=yes
lt_cv_sys_global_symbol_pipe='sed -n -e '\''s/^.*[ 	]\([ABCDGIRSTW][ABCDGIRSTW]*\)[ 	][ 	]*\(\)\([_A-Za-z][_A-Za-z0-9]*\)$/\1 \2\3 \3/p'\'''
lt_cv_sys_global_symbol_to_c_name_address='sed -n -e '\''s/^: \([^ ]*\) $/  {\"\1\", (lt_ptr) 0},/p'\'' -e '\''s/^[BCDEGRST] \([^ ]*\) \([^ ]*\)$/  {"\2", (lt_ptr) \&\2},/p'\'''
lt_cv_sys_global_symbol_to_cdecl='sed -n -e '\''s/^. .* \(.*\)$/extern int \1;/p'\'''
lt_cv_sys_max_cmd_len=32768
lt_lt_cv_prog_compiler_c_o='"yes"'
lt_lt_cv_prog_compiler_c_o_CXX='"yes"'
lt_lt_cv_sys_global_symbol_pipe='"sed -n -e '\''s/^.*[ 	]\\([ABCDGIRSTW][ABCDGIRSTW]*\\)[ 	][ 	]*\\(\\)\\([_A-Za-z][_A-Za-z0-9]*\\)\$/\\1 \\2\\3 \\3/p'\''"'
lt_lt_cv_sys_global_symbol_to_c_name_address='"sed -n -e '\''s/^: \\([^ ]*\\) \$/  {\\\"\\1\\\", (lt_ptr) 0},/p'\'' -e '\''s/^[BCDEGRST] \\([^ ]*\\) \\([^ ]*\\)\$/  {\"\\2\", (lt_ptr) \\&\\2},/p'\''"'
lt_lt_cv_sys_global_symbol_to_cdecl='"sed -n -e '\''s/^. .* \\(.*\\)\$/extern int \\1;/p'\''"'

## ----------------- ##
## Output variables. ##
## ----------------- ##

ACLOCAL='${SHELL} /home/zheng/asuswrt/release/src/router/libid3tag/missing --run aclocal-1.8'
AMDEPBACKSLASH=''
AMDEP_FALSE=''
AMDEP_TRUE='#'
AMTAR='${SHELL} /home/zheng/asuswrt/release/src/router/libid3tag/missing --run tar'
AR='arm-brcm-linux-uclibcgnueabi-ar'
AUTOCONF='${SHELL} /home/zheng/asuswrt/release/src/router/libid3tag/missing --run autoconf'
AUTOHEADER='${SHELL} /home/zheng/asuswrt/release/src/router/libid3tag/missing --run autoheader'
AUTOMAKE='${SHELL} /home/zheng/asuswrt/release/src/router/libid3tag/missing --run automake-1.8'
AWK='gawk'
CC='arm-brcm-linux-uclibcgnueabi-gcc'
CCDEPMODE='depmode=none'
CFLAGS='-Wall -DLINUX26 -DCONFIG_BCMWL5 -DDEBUG_NOISY -DDEBUG_RCTEST -pipe -DBCMWPA2 -DBCMARM -DRTCONFIG_NVRAM_64K -DLINUX_KERNEL_VERSION=132644  -marm -fdata-sections -fomit-frame-pointer'
CPP='arm-brcm-linux-uclibcgnueabi-gcc -E'
CPPFLAGS='-I/home/zheng/asuswrt/release/src-rt-9.x/src/router/zlib'
CXX='arm-brcm-linux-uclibcgnueabi-g++'
CXXCPP='arm-brcm-linux-uclibcgnueabi-g++ -E'
CXXDEPMODE='depmode=none'
CXXFLAGS='-g -O2'
CYGPATH_W='echo'
DEBUG_FALSE=''
DEBUG_TRUE='#'
DEFS='-DHAVE_CONFIG_H'
DEPDIR='.deps'
ECHO='echo'
ECHO_C=''
ECHO_N='-n'
ECHO_T=''
EGREP='/bin/grep -E'
EXEEXT=''
F77=''
FFLAGS=''
GREP='/bin/grep'
INSTALL_DATA='${INSTALL} -m 644'
INSTALL_PROGRAM='${INSTALL}'
INSTALL_SCRIPT='${INSTALL}'
INSTALL_STRIP_PROGRAM='${SHELL} $(install_sh) -c -s'
LDFLAGS='-L/home/zheng/asuswrt/release/src-rt-9.x/src/router/zlib -fPIC -ffunction-sections -fdata-sections -Wl,--gc-sections'
LIBOBJS=''
LIBS='-lz '
LIBTOOL='$(SHELL) $(top_builddir)/libtool'
LIBTOOL_DEPS='./ltmain.sh'
LN_S='ln -s'
LTLIBOBJS=''
MAKEINFO='${SHELL} /home/zheng/asuswrt/release/src/router/libid3tag/missing --run makeinfo'
OBJEXT='o'
PACKAGE='libid3tag'
PACKAGE_BUGREPORT='support@underbit.com'
PACKAGE_NAME='ID3 Tag'
PACKAGE_STRING='ID3 Tag 0.15.1b'
PACKAGE_TARNAME='libid3tag'
PACKAGE_URL=''
PACKAGE_VERSION='0.15.1b'
PATH_SEPARATOR=':'
RANLIB='arm-brcm-linux-uclibcgnueabi-ranlib'
SET_MAKE=''
SHELL='/bin/bash'
STRIP='arm-brcm-linux-uclibcgnueabi-strip'
VERSION='0.15.1b'
ac_ct_CC=''
ac_ct_CXX=''
ac_ct_F77=''
am__fastdepCC_FALSE=''
am__fastdepCC_TRUE='#'
am__fastdepCXX_FALSE=''
am__fastdepCXX_TRUE='#'
am__include='include'
am__leading_dot='.'
am__quote=''
bindir='${exec_prefix}/bin'
build='x86_64-unknown-linux-gnu'
build_alias=''
build_cpu='x86_64'
build_os='linux-gnu'
build_vendor='unknown'
datadir='${datarootdir}'
datarootdir='${prefix}/share'
docdir='${datarootdir}/doc/${PACKAGE_TARNAME}'
dvidir='${docdir}'
exec_prefix='${prefix}'
host='arm-unknown-linux-gnu'
host_alias='arm-linux'
host_cpu='arm'
host_os='linux-gnu'
host_vendor='unknown'
htmldir='${docdir}'
includedir='${prefix}/include'
infodir='${datarootdir}/info'
install_sh='/home/zheng/asuswrt/release/src/router/libid3tag/install-sh'
libdir='${exec_prefix}/lib'
libexecdir='${exec_prefix}/libexec'
localedir='${datarootdir}/locale'
localstatedir='${prefix}/var'
mandir='${datarootdir}/man'
mkdir_p='mkdir -p -- .'
oldincludedir='/usr/include'
pdfdir='${docdir}'
prefix=''
program_transform_name='s,x,x,'
psdir='${docdir}'
sbindir='${exec_prefix}/sbin'
sharedstatedir='${prefix}/com'
sysconfdir='${prefix}/etc'
target_alias=''

## ----------- ##
## confdefs.h. ##
## ----------- ##

/* confdefs.h */
#define PACKAGE_NAME "ID3 Tag"
#define PACKAGE_TARNAME "libid3tag"
#define PACKAGE_VERSION "0.15.1b"
#define PACKAGE_STRING "ID3 Tag 0.15.1b"
#define PACKAGE_BUGREPORT "support@underbit.com"
#define PACKAGE_URL ""
#define PACKAGE "libid3tag"
#define VERSION "0.15.1b"
#define STDC_HEADERS 1
#define HAVE_SYS_TYPES_H 1
#define HAVE_SYS_STAT_H 1
#define HAVE_STDLIB_H 1
#define HAVE_STRING_H 1
#define HAVE_MEMORY_H 1
#define HAVE_STRINGS_H 1
#define HAVE_INTTYPES_H 1
#define HAVE_STDINT_H 1
#define HAVE_UNISTD_H 1
#define HAVE_DLFCN_H 1
#define STDC_HEADERS 1
#define HAVE_ASSERT_H 1
#define HAVE_UNISTD_H 1
#define HAVE_FTRUNCATE 1
#define HAVE_LIBZ 1
#define NDEBUG 1

configure: exit 0
