This file contains any messages produced by compilers while
running configure, to aid debugging if configure makes a mistake.

configure:538: checking for gcc
configure:615: checking whether the C compiler (arm-brcm-linux-uclibcgnueabi-gcc -Os -DLINUX26 -DCONFIG_BCMWL5 -DDEBUG_NOISY -DDEBUG_RCTEST -pipe -DBCMWPA2 -DBCMARM -fno-strict-aliasing -marm -DRTCONFIG_NVRAM_64K -DLINUX_KERNEL_VERSION=132644  -fPIC ) works
configure:629: arm-brcm-linux-uclibcgnueabi-gcc -o conftest -Os -DLINUX26 -DCONFIG_BCMWL5 -DDEBUG_NOISY -DDEBUG_RCTEST -pipe -DBCMWPA2 -DBCMARM -fno-strict-aliasing -marm -DRTCONFIG_NVRAM_64K -DLINUX_KERNEL_VERSION=132644  -fPIC   conftest.c  1>&5
configure:649: checking whether the C compiler (arm-brcm-linux-uclibcgnueabi-gcc -Os -DLINUX26 -DCONFIG_BCMWL5 -DDEBUG_NOISY -DDEBUG_RCTEST -pipe -DBCMWPA2 -DBCMARM -fno-strict-aliasing -marm -DRTCONFIG_NVRAM_64K -DLINUX_KERNEL_VERSION=132644  -fPIC ) is a cross-compiler
configure:654: checking whether we are using GNU C
configure:663: arm-brcm-linux-uclibcgnueabi-gcc -E conftest.c
configure:681: checking how to run the C preprocessor
configure:702: arm-brcm-linux-uclibcgnueabi-gcc -E  conftest.c >/dev/null 2>conftest.out
configure:742: checking for function prototypes
configure:765: arm-brcm-linux-uclibcgnueabi-gcc -c -Os -DLINUX26 -DCONFIG_BCMWL5 -DDEBUG_NOISY -DDEBUG_RCTEST -pipe -DBCMWPA2 -DBCMARM -fno-strict-aliasing -marm -DRTCONFIG_NVRAM_64K -DLINUX_KERNEL_VERSION=132644  -fPIC  conftest.c 1>&5
configure:792: checking for stddef.h
configure:802: arm-brcm-linux-uclibcgnueabi-gcc -E  conftest.c >/dev/null 2>conftest.out
configure:828: checking for stdlib.h
configure:838: arm-brcm-linux-uclibcgnueabi-gcc -E  conftest.c >/dev/null 2>conftest.out
configure:864: checking for string.h
configure:874: arm-brcm-linux-uclibcgnueabi-gcc -E  conftest.c >/dev/null 2>conftest.out
configure:900: checking for size_t
configure:923: arm-brcm-linux-uclibcgnueabi-gcc -c -Os -DLINUX26 -DCONFIG_BCMWL5 -DDEBUG_NOISY -DDEBUG_RCTEST -pipe -DBCMWPA2 -DBCMARM -fno-strict-aliasing -marm -DRTCONFIG_NVRAM_64K -DLINUX_KERNEL_VERSION=132644  -fPIC  conftest.c 1>&5
configure:994: checking for type unsigned char
configure:1003: arm-brcm-linux-uclibcgnueabi-gcc -c -Os -DLINUX26 -DCONFIG_BCMWL5 -DDEBUG_NOISY -DDEBUG_RCTEST -pipe -DBCMWPA2 -DBCMARM -fno-strict-aliasing -marm -DRTCONFIG_NVRAM_64K -DLINUX_KERNEL_VERSION=132644  -fPIC  conftest.c 1>&5
configure:1018: checking for type unsigned short
configure:1027: arm-brcm-linux-uclibcgnueabi-gcc -c -Os -DLINUX26 -DCONFIG_BCMWL5 -DDEBUG_NOISY -DDEBUG_RCTEST -pipe -DBCMWPA2 -DBCMARM -fno-strict-aliasing -marm -DRTCONFIG_NVRAM_64K -DLINUX_KERNEL_VERSION=132644  -fPIC  conftest.c 1>&5
configure:1042: checking for type void
configure:1072: arm-brcm-linux-uclibcgnueabi-gcc -c -Os -DLINUX26 -DCONFIG_BCMWL5 -DDEBUG_NOISY -DDEBUG_RCTEST -pipe -DBCMWPA2 -DBCMARM -fno-strict-aliasing -marm -DRTCONFIG_NVRAM_64K -DLINUX_KERNEL_VERSION=132644  -fPIC  conftest.c 1>&5
configure:1088: checking for working const
configure:1142: arm-brcm-linux-uclibcgnueabi-gcc -c -Os -DLINUX26 -DCONFIG_BCMWL5 -DDEBUG_NOISY -DDEBUG_RCTEST -pipe -DBCMWPA2 -DBCMARM -fno-strict-aliasing -marm -DRTCONFIG_NVRAM_64K -DLINUX_KERNEL_VERSION=132644  -fPIC  conftest.c 1>&5
configure:1163: checking for inline
configure:1174: arm-brcm-linux-uclibcgnueabi-gcc -c -Os -DLINUX26 -DCONFIG_BCMWL5 -DDEBUG_NOISY -DDEBUG_RCTEST -pipe -DBCMWPA2 -DBCMARM -fno-strict-aliasing -marm -DRTCONFIG_NVRAM_64K -DLINUX_KERNEL_VERSION=132644  -fPIC  conftest.c 1>&5
configure:1224: checking for broken incomplete types
configure:1233: arm-brcm-linux-uclibcgnueabi-gcc -c -Os -DLINUX26 -DCONFIG_BCMWL5 -DDEBUG_NOISY -DDEBUG_RCTEST -pipe -DBCMWPA2 -DBCMARM -fno-strict-aliasing -marm -DRTCONFIG_NVRAM_64K -DLINUX_KERNEL_VERSION=132644  -fPIC  conftest.c 1>&5
configure:1248: checking for short external names
configure:1260: arm-brcm-linux-uclibcgnueabi-gcc -o conftest -Os -DLINUX26 -DCONFIG_BCMWL5 -DDEBUG_NOISY -DDEBUG_RCTEST -pipe -DBCMWPA2 -DBCMARM -fno-strict-aliasing -marm -DRTCONFIG_NVRAM_64K -DLINUX_KERNEL_VERSION=132644  -fPIC   conftest.c  1>&5
configure:1275: checking to see if char is signed
configure:1323: checking to see if right shift is signed
configure:1375: checking to see if fopen accepts b spec
configure:1436: checking for a BSD compatible install
configure:1488: checking for ranlib
configure:1596: checking for 'tmpfile()'
configure:1605: arm-brcm-linux-uclibcgnueabi-gcc -o conftest -Os -DLINUX26 -DCONFIG_BCMWL5 -DDEBUG_NOISY -DDEBUG_RCTEST -pipe -DBCMWPA2 -DBCMARM -fno-strict-aliasing -marm -DRTCONFIG_NVRAM_64K -DLINUX_KERNEL_VERSION=132644  -fPIC   conftest.c  1>&5
configure:1650: checking libjpeg version number
